[00:48:52] [ServerMain/INFO]: Environment: Environment[sessionHost=https://sessionserver.mojang.com, servicesHost=https://api.minecraftservices.com, name=PROD]
[00:48:54] [ServerMain/INFO]: Loaded 1337 recipes
[00:48:54] [ServerMain/INFO]: Loaded 1448 advancements
[00:48:55] [Server thread/INFO]: Starting minecraft server version 1.21.3
[00:48:55] [Server thread/INFO]: Loading properties
[00:48:55] [Server thread/INFO]: Default game type: SURVIVAL
[00:48:55] [Server thread/INFO]: Generating keypair
[00:48:55] [Server thread/INFO]: Starting Minecraft server on *:25565
[00:48:55] [Server thread/INFO]: Using epoll channel type
[00:48:55] [Server thread/WARN]: **** SERVER IS RUNNING IN OFFLINE/INSECURE MODE!
[00:48:55] [Server thread/WARN]: The server will make no attempt to authenticate usernames. Beware.
[00:48:55] [Server thread/WARN]: While this makes the game possible to play without internet access, it also opens up the ability for hackers to connect with any username they choose.
[00:48:55] [Server thread/WARN]: To change this, set "online-mode" to "true" in the server.properties file.
[00:48:55] [Server thread/INFO]: Preparing level "world"
[00:48:55] [Server thread/INFO]: Preparing start region for dimension minecraft:overworld
[00:48:58] [Worker-Main-1/INFO]: Preparing spawn area: 0%
[00:48:58] [Worker-Main-1/INFO]: Preparing spawn area: 0%
[00:48:58] [Worker-Main-1/INFO]: Preparing spawn area: 0%
[00:48:58] [Worker-Main-1/INFO]: Preparing spawn area: 0%
[00:48:58] [Worker-Main-1/INFO]: Preparing spawn area: 0%
[00:48:58] [Worker-Main-1/INFO]: Preparing spawn area: 0%
[00:48:58] [Server thread/INFO]: Time elapsed: 2954 ms
[00:48:58] [Server thread/INFO]: Done (3.316s)! For help, type "help"
[00:49:58] [Server thread/INFO]: Server empty for 60 seconds, pausing
[00:52:08] [Server thread/INFO]: Chrisus[IP hidden] logged in with entity id 7 at (4.5, 69.0, 3.5)
[00:52:08] [Server thread/INFO]: Chrisus joined the game
[00:52:40] [Server thread/INFO]: santydork[IP hidden] logged in with entity id 446 at (5.5, 69.0, 5.5)
[00:52:40] [Server thread/INFO]: santydork joined the game
[00:53:25] [Server thread/INFO]: Made santydork a server operator
[00:53:30] [Server thread/INFO]: [santydork: Made Chrisus a server operator]
[00:53:45] [Server thread/INFO]: [Not Secure] <Chrisus> R
[00:54:47] [Server thread/INFO]: Chrisus has made the advancement [Stone Age]
[00:54:50] [Server thread/INFO]: santydork has made the advancement [Stone Age]
[00:54:58] [Server thread/INFO]: santydork has made the advancement [Getting an Upgrade]
[00:55:06] [Server thread/INFO]: Chrisus has made the advancement [Getting an Upgrade]
[00:56:48] [Server thread/INFO]: Villager cpj['Villager'/1606, l='ServerLevel[world]', x=333.72, y=64.56, z=73.63] died, message: 'Villager suffocated in a wall'
[00:57:30] [Server thread/INFO]: Villager cpj['Villager'/1438, l='ServerLevel[world]', x=263.19, y=67.00, z=64.49] died, message: 'Villager suffocated in a wall'
[00:58:17] [Server thread/INFO]: santydork lost connection: Disconnected
[00:58:17] [Server thread/INFO]: santydork left the game
[00:58:23] [Server thread/INFO]: santydork[IP hidden] logged in with entity id 2538 at (291.6098143591585, 66.9375, 116.52139099346294)
[00:58:23] [Server thread/INFO]: santydork joined the game
